[debug] [2025-12-01T20:38:33.610Z] ----------------------------------------------------------------------
[debug] [2025-12-01T20:38:33.612Z] Command:       /usr/bin/node-22 /home/abdul/.local/share/pnpm/global/5/.pnpm/firebase-tools@14.26.0_@types+node@24.10.1_encoding@0.1.13_typescript@5.9.3/node_modules/firebase-tools/lib/bin/firebase.js deploy
[debug] [2025-12-01T20:38:33.612Z] CLI Version:   14.26.0
[debug] [2025-12-01T20:38:33.612Z] Platform:      linux
[debug] [2025-12-01T20:38:33.613Z] Node Version:  v22.20.0
[debug] [2025-12-01T20:38:33.613Z] Time:          Mon Dec 01 2025 23:38:33 GMT+0300 (Arabian Standard Time)
[debug] [2025-12-01T20:38:33.613Z] ----------------------------------------------------------------------
[debug] 
[debug] [2025-12-01T20:38:33.826Z] Field "/apphosting" in "firebase.json" is possibly invalid: must be object
[debug] [2025-12-01T20:38:33.826Z] Object "/apphosting/0" in "firebase.json" is missing required property: {"missingProperty":"backendId"}
[debug] [2025-12-01T20:38:33.826Z] Field "/apphosting" in "firebase.json" is possibly invalid: must match a schema in anyOf
[debug] [2025-12-01T20:38:33.832Z] > command requires scopes: ["email","openid","https://www.googleapis.com/auth/cloudplatformprojects.readonly","https://www.googleapis.com/auth/firebase","https://www.googleapis.com/auth/cloud-platform"]
[debug] [2025-12-01T20:38:33.832Z] > authorizing via signed-in user (ab.waheed1722@gmail.com)
[debug] [2025-12-01T20:38:33.832Z] [iam] checking project ghost-money-world for permissions ["firebase.projects.get",null]
[debug] [2025-12-01T20:38:33.833Z] Checked if tokens are valid: true, expires at: 1764624508317
[debug] [2025-12-01T20:38:33.834Z] Checked if tokens are valid: true, expires at: 1764624508317
[debug] [2025-12-01T20:38:33.835Z] >>> [apiv2][query] POST https://cloudresourcemanager.googleapis.com/v1/projects/ghost-money-world:testIamPermissions [none]
[debug] [2025-12-01T20:38:33.835Z] >>> [apiv2][(partial)header] POST https://cloudresourcemanager.googleapis.com/v1/projects/ghost-money-world:testIamPermissions x-goog-quota-user=projects/ghost-money-world
[debug] [2025-12-01T20:38:33.835Z] >>> [apiv2][body] POST https://cloudresourcemanager.googleapis.com/v1/projects/ghost-money-world:testIamPermissions {"permissions":["firebase.projects.get",null]}
[debug] [2025-12-01T20:38:34.429Z] <<< [apiv2][status] POST https://cloudresourcemanager.googleapis.com/v1/projects/ghost-money-world:testIamPermissions 200
[debug] [2025-12-01T20:38:34.429Z] <<< [apiv2][body] POST https://cloudresourcemanager.googleapis.com/v1/projects/ghost-money-world:testIamPermissions {"permissions":["firebase.projects.get"]}
[debug] [2025-12-01T20:38:34.429Z] [iam] error while checking permissions, command may fail: Authorization failed. This account is missing the following required permissions on project ghost-money-world:

  
[info] 
[info] === Deploying to 'ghost-money-world'...
[info] 
[info] i  deploying apphosting 
[debug] [2025-12-01T20:38:34.433Z] Checked if tokens are valid: true, expires at: 1764624508317
[debug] [2025-12-01T20:38:34.433Z] Checked if tokens are valid: true, expires at: 1764624508317
[debug] [2025-12-01T20:38:34.433Z] >>> [apiv2][query] POST https://iam.googleapis.com/v1/projects/ghost-money-world/serviceAccounts/firebase-app-hosting-compute@ghost-money-world.iam.gserviceaccount.com:testIamPermissions [none]
[debug] [2025-12-01T20:38:34.433Z] >>> [apiv2][(partial)header] POST https://iam.googleapis.com/v1/projects/ghost-money-world/serviceAccounts/firebase-app-hosting-compute@ghost-money-world.iam.gserviceaccount.com:testIamPermissions x-goog-quota-user=projects/ghost-money-world
[debug] [2025-12-01T20:38:34.433Z] >>> [apiv2][body] POST https://iam.googleapis.com/v1/projects/ghost-money-world/serviceAccounts/firebase-app-hosting-compute@ghost-money-world.iam.gserviceaccount.com:testIamPermissions {"permissions":["iam.serviceAccounts.actAs"]}
[debug] [2025-12-01T20:38:35.367Z] <<< [apiv2][status] POST https://iam.googleapis.com/v1/projects/ghost-money-world/serviceAccounts/firebase-app-hosting-compute@ghost-money-world.iam.gserviceaccount.com:testIamPermissions 200
[debug] [2025-12-01T20:38:35.367Z] <<< [apiv2][body] POST https://iam.googleapis.com/v1/projects/ghost-money-world/serviceAccounts/firebase-app-hosting-compute@ghost-money-world.iam.gserviceaccount.com:testIamPermissions {"permissions":["iam.serviceAccounts.actAs"]}
[debug] [2025-12-01T20:38:35.368Z] Checked if tokens are valid: true, expires at: 1764624508317
[debug] [2025-12-01T20:38:35.368Z] Checked if tokens are valid: true, expires at: 1764624508317
[debug] [2025-12-01T20:38:35.368Z] >>> [apiv2][query] POST https://iam.googleapis.com/v1/projects/ghost-money-world/serviceAccounts [none]
[debug] [2025-12-01T20:38:35.368Z] >>> [apiv2][body] POST https://iam.googleapis.com/v1/projects/ghost-money-world/serviceAccounts {"accountId":"firebase-app-hosting-compute","serviceAccount":{"displayName":"Firebase App Hosting compute service account","description":"Default service account used to run builds and deploys for Firebase App Hosting"}}
[debug] [2025-12-01T20:38:36.400Z] <<< [apiv2][status] POST https://iam.googleapis.com/v1/projects/ghost-money-world/serviceAccounts 409
[debug] [2025-12-01T20:38:36.400Z] <<< [apiv2][body] POST https://iam.googleapis.com/v1/projects/ghost-money-world/serviceAccounts [omitted]
[debug] [2025-12-01T20:38:36.402Z] Checked if tokens are valid: true, expires at: 1764624508317
[debug] [2025-12-01T20:38:36.402Z] Checked if tokens are valid: true, expires at: 1764624508317
[debug] [2025-12-01T20:38:36.402Z] >>> [apiv2][query] POST https://cloudresourcemanager.googleapis.com/v1/projects/ghost-money-world:getIamPolicy [none]
[debug] [2025-12-01T20:38:36.900Z] <<< [apiv2][status] POST https://cloudresourcemanager.googleapis.com/v1/projects/ghost-money-world:getIamPolicy 200
[debug] [2025-12-01T20:38:36.900Z] <<< [apiv2][body] POST https://cloudresourcemanager.googleapis.com/v1/projects/ghost-money-world:getIamPolicy {"version":1,"etag":"BwZE6ek/AHA=","bindings":[{"role":"roles/artifactregistry.serviceAgent","members":["serviceAccount:service-276987047372@gcp-sa-artifactregistry.iam.gserviceaccount.com"]},{"role":"roles/cloudaicompanion.serviceAgent","members":["serviceAccount:service-276987047372@gcp-sa-cloudaicompanion.iam.gserviceaccount.com"]},{"role":"roles/cloudbuild.builds.builder","members":["serviceAccount:276987047372@cloudbuild.gserviceaccount.com"]},{"role":"roles/cloudbuild.serviceAgent","members":["serviceAccount:service-276987047372@gcp-sa-cloudbuild.iam.gserviceaccount.com"]},{"role":"roles/containerregistry.ServiceAgent","members":["serviceAccount:service-276987047372@containerregistry.iam.gserviceaccount.com"]},{"role":"roles/developerconnect.readTokenAccessor","members":["serviceAccount:firebase-app-hosting-compute@ghost-money-world.iam.gserviceaccount.com"]},{"role":"roles/developerconnect.serviceAgent","members":["serviceAccount:service-276987047372@gcp-sa-devconnect.iam.gserviceaccount.com"]},{"role":"roles/editor","members":["serviceAccount:276987047372-compute@developer.gserviceaccount.com"]},{"role":"roles/firebase.analyticsAdmin","members":["serviceAccount:firebase-adminsdk-fbsvc@ghost-money-world.iam.gserviceaccount.com"]},{"role":"roles/firebase.managementServiceAgent","members":["serviceAccount:service-276987047372@gcp-sa-firebase.iam.gserviceaccount.com"]},{"role":"roles/firebase.sdkAdminServiceAgent","members":["serviceAccount:firebase-adminsdk-fbsvc@ghost-money-world.iam.gserviceaccount.com","serviceAccount:firebase-app-hosting-compute@ghost-money-world.iam.gserviceaccount.com"]},{"role":"roles/firebaseabt.admin","members":["serviceAccount:firebase-adminsdk-fbsvc@ghost-money-world.iam.gserviceaccount.com"]},{"role":"roles/firebaseapphosting.computeRunner","members":["serviceAccount:firebase-app-hosting-compute@ghost-money-world.iam.gserviceaccount.com"]},{"role":"roles/firebaseapphosting.serviceAgent","members":["serviceAccount:service-276987047372@gcp-sa-firebaseapphosting.iam.gserviceaccount.com"]},{"role":"roles/firebaseauth.admin","members":["serviceAccount:firebase-adminsdk-fbsvc@ghost-money-world.iam.gserviceaccount.com"]},{"role":"roles/firebasedatabase.admin","members":["serviceAccount:firebase-adminsdk-fbsvc@ghost-money-world.iam.gserviceaccount.com"]},{"role":"roles/firebaserules.firestoreServiceAgent","members":["serviceAccount:service-276987047372@gcp-sa-firebasestorage.iam.gserviceaccount.com"]},{"role":"roles/firebaserules.system","members":["serviceAccount:service-276987047372@firebase-rules.iam.gserviceaccount.com"]},{"role":"roles/firebasestorage.serviceAgent","members":["serviceAccount:service-276987047372@gcp-sa-firebasestorage.iam.gserviceaccount.com"]},{"role":"roles/firestore.serviceAgent","members":["serviceAccount:service-276987047372@gcp-sa-firestore.iam.gserviceaccount.com"]},{"role":"roles/iam.serviceAccountTokenCreator","members":["serviceAccount:firebase-adminsdk-fbsvc@ghost-money-world.iam.gserviceaccount.com"]},{"role":"roles/owner","members":["user:AB.WAHEED1722@gmail.com","user:bakhtawarhabib71@gmail.com","user:videobanditsproductions@gmail.com"]},{"role":"roles/run.serviceAgent","members":["serviceAccount:service-276987047372@serverless-robot-prod.iam.gserviceaccount.com"]},{"role":"roles/secretmanager.admin_withcond_41c3ef5d380ae414b36f","members":["serviceAccount:service-276987047372@gcp-sa-devconnect.iam.gserviceaccount.com"]},{"role":"roles/storage.admin","members":["serviceAccount:firebase-adminsdk-fbsvc@ghost-money-world.iam.gserviceaccount.com"]},{"role":"roles/storage.objectViewer","members":["serviceAccount:firebase-app-hosting-compute@ghost-money-world.iam.gserviceaccount.com"]}]}
[debug] [2025-12-01T20:38:36.901Z] Checked if tokens are valid: true, expires at: 1764624508317
[debug] [2025-12-01T20:38:36.901Z] Checked if tokens are valid: true, expires at: 1764624508317
[debug] [2025-12-01T20:38:36.902Z] >>> [apiv2][query] POST https://cloudresourcemanager.googleapis.com/v1/projects/ghost-money-world:setIamPolicy [none]
[debug] [2025-12-01T20:38:36.902Z] >>> [apiv2][body] POST https://cloudresourcemanager.googleapis.com/v1/projects/ghost-money-world:setIamPolicy {"policy":{"version":1,"etag":"BwZE6ek/AHA=","bindings":[{"role":"roles/artifactregistry.serviceAgent","members":["serviceAccount:service-276987047372@gcp-sa-artifactregistry.iam.gserviceaccount.com"]},{"role":"roles/cloudaicompanion.serviceAgent","members":["serviceAccount:service-276987047372@gcp-sa-cloudaicompanion.iam.gserviceaccount.com"]},{"role":"roles/cloudbuild.builds.builder","members":["serviceAccount:276987047372@cloudbuild.gserviceaccount.com"]},{"role":"roles/cloudbuild.serviceAgent","members":["serviceAccount:service-276987047372@gcp-sa-cloudbuild.iam.gserviceaccount.com"]},{"role":"roles/containerregistry.ServiceAgent","members":["serviceAccount:service-276987047372@containerregistry.iam.gserviceaccount.com"]},{"role":"roles/developerconnect.readTokenAccessor","members":["serviceAccount:firebase-app-hosting-compute@ghost-money-world.iam.gserviceaccount.com"]},{"role":"roles/developerconnect.serviceAgent","members":["serviceAccount:service-276987047372@gcp-sa-devconnect.iam.gserviceaccount.com"]},{"role":"roles/editor","members":["serviceAccount:276987047372-compute@developer.gserviceaccount.com"]},{"role":"roles/firebase.analyticsAdmin","members":["serviceAccount:firebase-adminsdk-fbsvc@ghost-money-world.iam.gserviceaccount.com"]},{"role":"roles/firebase.managementServiceAgent","members":["serviceAccount:service-276987047372@gcp-sa-firebase.iam.gserviceaccount.com"]},{"role":"roles/firebase.sdkAdminServiceAgent","members":["serviceAccount:firebase-adminsdk-fbsvc@ghost-money-world.iam.gserviceaccount.com","serviceAccount:firebase-app-hosting-compute@ghost-money-world.iam.gserviceaccount.com"]},{"role":"roles/firebaseabt.admin","members":["serviceAccount:firebase-adminsdk-fbsvc@ghost-money-world.iam.gserviceaccount.com"]},{"role":"roles/firebaseapphosting.computeRunner","members":["serviceAccount:firebase-app-hosting-compute@ghost-money-world.iam.gserviceaccount.com"]},{"role":"roles/firebaseapphosting.serviceAgent","members":["serviceAccount:service-276987047372@gcp-sa-firebaseapphosting.iam.gserviceaccount.com"]},{"role":"roles/firebaseauth.admin","members":["serviceAccount:firebase-adminsdk-fbsvc@ghost-money-world.iam.gserviceaccount.com"]},{"role":"roles/firebasedatabase.admin","members":["serviceAccount:firebase-adminsdk-fbsvc@ghost-money-world.iam.gserviceaccount.com"]},{"role":"roles/firebaserules.firestoreServiceAgent","members":["serviceAccount:service-276987047372@gcp-sa-firebasestorage.iam.gserviceaccount.com"]},{"role":"roles/firebaserules.system","members":["serviceAccount:service-276987047372@firebase-rules.iam.gserviceaccount.com"]},{"role":"roles/firebasestorage.serviceAgent","members":["serviceAccount:service-276987047372@gcp-sa-firebasestorage.iam.gserviceaccount.com"]},{"role":"roles/firestore.serviceAgent","members":["serviceAccount:service-276987047372@gcp-sa-firestore.iam.gserviceaccount.com"]},{"role":"roles/iam.serviceAccountTokenCreator","members":["serviceAccount:firebase-adminsdk-fbsvc@ghost-money-world.iam.gserviceaccount.com"]},{"role":"roles/owner","members":["user:AB.WAHEED1722@gmail.com","user:bakhtawarhabib71@gmail.com","user:videobanditsproductions@gmail.com"]},{"role":"roles/run.serviceAgent","members":["serviceAccount:service-276987047372@serverless-robot-prod.iam.gserviceaccount.com"]},{"role":"roles/secretmanager.admin_withcond_41c3ef5d380ae414b36f","members":["serviceAccount:service-276987047372@gcp-sa-devconnect.iam.gserviceaccount.com"]},{"role":"roles/storage.admin","members":["serviceAccount:firebase-adminsdk-fbsvc@ghost-money-world.iam.gserviceaccount.com"]},{"role":"roles/storage.objectViewer","members":["serviceAccount:firebase-app-hosting-compute@ghost-money-world.iam.gserviceaccount.com"]}]},"updateMask":"bindings"}
[debug] [2025-12-01T20:38:38.168Z] <<< [apiv2][status] POST https://cloudresourcemanager.googleapis.com/v1/projects/ghost-money-world:setIamPolicy 200
[debug] [2025-12-01T20:38:38.168Z] <<< [apiv2][body] POST https://cloudresourcemanager.googleapis.com/v1/projects/ghost-money-world:setIamPolicy {"version":1,"etag":"BwZE6fa+weE=","bindings":[{"role":"roles/artifactregistry.serviceAgent","members":["serviceAccount:service-276987047372@gcp-sa-artifactregistry.iam.gserviceaccount.com"]},{"role":"roles/cloudaicompanion.serviceAgent","members":["serviceAccount:service-276987047372@gcp-sa-cloudaicompanion.iam.gserviceaccount.com"]},{"role":"roles/cloudbuild.builds.builder","members":["serviceAccount:276987047372@cloudbuild.gserviceaccount.com"]},{"role":"roles/cloudbuild.serviceAgent","members":["serviceAccount:service-276987047372@gcp-sa-cloudbuild.iam.gserviceaccount.com"]},{"role":"roles/containerregistry.ServiceAgent","members":["serviceAccount:service-276987047372@containerregistry.iam.gserviceaccount.com"]},{"role":"roles/developerconnect.readTokenAccessor","members":["serviceAccount:firebase-app-hosting-compute@ghost-money-world.iam.gserviceaccount.com"]},{"role":"roles/developerconnect.serviceAgent","members":["serviceAccount:service-276987047372@gcp-sa-devconnect.iam.gserviceaccount.com"]},{"role":"roles/editor","members":["serviceAccount:276987047372-compute@developer.gserviceaccount.com"]},{"role":"roles/firebase.analyticsAdmin","members":["serviceAccount:firebase-adminsdk-fbsvc@ghost-money-world.iam.gserviceaccount.com"]},{"role":"roles/firebase.managementServiceAgent","members":["serviceAccount:service-276987047372@gcp-sa-firebase.iam.gserviceaccount.com"]},{"role":"roles/firebase.sdkAdminServiceAgent","members":["serviceAccount:firebase-adminsdk-fbsvc@ghost-money-world.iam.gserviceaccount.com","serviceAccount:firebase-app-hosting-compute@ghost-money-world.iam.gserviceaccount.com"]},{"role":"roles/firebaseabt.admin","members":["serviceAccount:firebase-adminsdk-fbsvc@ghost-money-world.iam.gserviceaccount.com"]},{"role":"roles/firebaseapphosting.computeRunner","members":["serviceAccount:firebase-app-hosting-compute@ghost-money-world.iam.gserviceaccount.com"]},{"role":"roles/firebaseapphosting.serviceAgent","members":["serviceAccount:service-276987047372@gcp-sa-firebaseapphosting.iam.gserviceaccount.com"]},{"role":"roles/firebaseauth.admin","members":["serviceAccount:firebase-adminsdk-fbsvc@ghost-money-world.iam.gserviceaccount.com"]},{"role":"roles/firebasedatabase.admin","members":["serviceAccount:firebase-adminsdk-fbsvc@ghost-money-world.iam.gserviceaccount.com"]},{"role":"roles/firebaserules.firestoreServiceAgent","members":["serviceAccount:service-276987047372@gcp-sa-firebasestorage.iam.gserviceaccount.com"]},{"role":"roles/firebaserules.system","members":["serviceAccount:service-276987047372@firebase-rules.iam.gserviceaccount.com"]},{"role":"roles/firebasestorage.serviceAgent","members":["serviceAccount:service-276987047372@gcp-sa-firebasestorage.iam.gserviceaccount.com"]},{"role":"roles/firestore.serviceAgent","members":["serviceAccount:service-276987047372@gcp-sa-firestore.iam.gserviceaccount.com"]},{"role":"roles/iam.serviceAccountTokenCreator","members":["serviceAccount:firebase-adminsdk-fbsvc@ghost-money-world.iam.gserviceaccount.com"]},{"role":"roles/owner","members":["user:AB.WAHEED1722@gmail.com","user:bakhtawarhabib71@gmail.com","user:videobanditsproductions@gmail.com"]},{"role":"roles/run.serviceAgent","members":["serviceAccount:service-276987047372@serverless-robot-prod.iam.gserviceaccount.com"]},{"role":"roles/secretmanager.admin_withcond_41c3ef5d380ae414b36f","members":["serviceAccount:service-276987047372@gcp-sa-devconnect.iam.gserviceaccount.com"]},{"role":"roles/storage.admin","members":["serviceAccount:firebase-adminsdk-fbsvc@ghost-money-world.iam.gserviceaccount.com"]},{"role":"roles/storage.objectViewer","members":["serviceAccount:firebase-app-hosting-compute@ghost-money-world.iam.gserviceaccount.com"]}]}
[debug] [2025-12-01T20:38:38.168Z] Checked if tokens are valid: true, expires at: 1764624508317
[debug] [2025-12-01T20:38:38.168Z] Checked if tokens are valid: true, expires at: 1764624508317
[debug] [2025-12-01T20:38:38.169Z] >>> [apiv2][query] GET https://firebaseapphosting.googleapis.com/v1beta/projects/ghost-money-world/locations/-/backends 
[debug] [2025-12-01T20:38:39.319Z] <<< [apiv2][status] GET https://firebaseapphosting.googleapis.com/v1beta/projects/ghost-money-world/locations/-/backends 200
[debug] [2025-12-01T20:38:39.319Z] <<< [apiv2][body] GET https://firebaseapphosting.googleapis.com/v1beta/projects/ghost-money-world/locations/-/backends {"backends":[{"name":"projects/ghost-money-world/locations/us-east4/backends/videos","createTime":"2025-11-30T20:10:44.409226753Z","updateTime":"2025-11-30T20:18:07.345514Z","uri":"videos--ghost-money-world.us-east4.hosted.app","managedResources":[{"runService":{"service":"projects/276987047372/locations/us-east4/services/videos"}}],"codebase":{"repository":"projects/ghost-money-world/locations/us-east4/connections/apphosting-github-conn-jvo9s3/gitRepositoryLinks/BakhtawarHabib-videos","rootDirectory":"/"},"uid":"2eb82d9e-c5d5-41e5-9267-755493106573","etag":"mPmI2gK0L9AjrrOK_oQ_3_xm_CV_P36T3dWoprYEEd4","reconciling":false,"servingLocality":"GLOBAL_ACCESS","serviceAccount":"firebase-app-hosting-compute@ghost-money-world.iam.gserviceaccount.com","appId":"1:276987047372:web:669ab493a0bb61f2de8169","environment":"production"}]}
[info] i  apphosting: Found backend(s) videos 
[debug] [2025-12-01T20:38:39.321Z] Checked if tokens are valid: true, expires at: 1764624508317
[debug] [2025-12-01T20:38:39.321Z] Checked if tokens are valid: true, expires at: 1764624508317
[debug] [2025-12-01T20:38:39.321Z] >>> [apiv2][query] GET https://developerconnect.googleapis.com/v1/projects/ghost-money-world/locations/us-east4/connections/apphosting-github-conn-jvo9s3/gitRepositoryLinks/BakhtawarHabib-videos [none]
[debug] [2025-12-01T20:38:40.276Z] <<< [apiv2][status] GET https://developerconnect.googleapis.com/v1/projects/ghost-money-world/locations/us-east4/connections/apphosting-github-conn-jvo9s3/gitRepositoryLinks/BakhtawarHabib-videos 200
[debug] [2025-12-01T20:38:40.276Z] <<< [apiv2][body] GET https://developerconnect.googleapis.com/v1/projects/ghost-money-world/locations/us-east4/connections/apphosting-github-conn-jvo9s3/gitRepositoryLinks/BakhtawarHabib-videos {"name":"projects/ghost-money-world/locations/us-east4/connections/apphosting-github-conn-jvo9s3/gitRepositoryLinks/BakhtawarHabib-videos","cloneUri":"https://github.com/BakhtawarHabib/videos.git","createTime":"2025-11-30T20:09:57.876290678Z","updateTime":"2025-11-30T20:09:58.264283157Z"}
[info] ✔  Wrote /home/abdul/Desktop/videos/firebase.json 
[info] i  apphosting: On future invocations of "firebase deploy", your local source will be deployed to videos. You can edit this setting in your firebase.json at any time. 
[debug] [2025-12-01T20:39:05.234Z] TypeError: Cannot read properties of undefined (reading 'name')
    at /home/abdul/.local/share/pnpm/global/5/.pnpm/@inquirer+checkbox@4.3.2_@types+node@24.10.1/node_modules/@inquirer/checkbox/dist/commonjs/index.js:56:29
    at Array.map (<anonymous>)
    at normalizeChoices (/home/abdul/.local/share/pnpm/global/5/.pnpm/@inquirer+checkbox@4.3.2_@types+node@24.10.1/node_modules/@inquirer/checkbox/dist/commonjs/index.js:43:20)
    at /home/abdul/.local/share/pnpm/global/5/.pnpm/@inquirer+checkbox@4.3.2_@types+node@24.10.1/node_modules/@inquirer/checkbox/dist/commonjs/index.js:80:52
    at /home/abdul/.local/share/pnpm/global/5/.pnpm/@inquirer+core@10.3.2_@types+node@24.10.1/node_modules/@inquirer/core/dist/commonjs/lib/create-prompt.js:120:38
    at store.handleChange (/home/abdul/.local/share/pnpm/global/5/.pnpm/@inquirer+core@10.3.2_@types+node@24.10.1/node_modules/@inquirer/core/dist/commonjs/lib/hook-engine.js:31:17)
    at cycle (/home/abdul/.local/share/pnpm/global/5/.pnpm/@inquirer+core@10.3.2_@types+node@24.10.1/node_modules/@inquirer/core/dist/commonjs/lib/hook-engine.js:33:19)
    at /home/abdul/.local/share/pnpm/global/5/.pnpm/@inquirer+core@10.3.2_@types+node@24.10.1/node_modules/@inquirer/core/dist/commonjs/lib/create-prompt.js:118:13
    at /home/abdul/.local/share/pnpm/global/5/.pnpm/@inquirer+core@10.3.2_@types+node@24.10.1/node_modules/@inquirer/core/dist/commonjs/lib/hook-engine.js:35:16
    at AsyncLocalStorage.run (node:internal/async_local_storage/async_hooks:91:14)
[error] 
[error] Error: An unexpected error has occurred.
